<?xml version="1.0" encoding="UTF-8"?>
<!-- Generated by org.testng.reporters.JUnitXMLReporter -->
<testsuite hostname="SPGRASD11" name="Default test" tests="11" failures="0" timestamp="7 Sep 2020 11:02:31 GMT" time="53.607" errors="0">
  <testcase name="OnlineTestMaster_getMaster" time="8.36" classname="com.ats.qa.testcases.OnlineMasterTest"/>
  <testcase name="OnlineTestMaster_getCommunicationMaster" time="0.699" classname="com.ats.qa.testcases.OnlineMasterTest"/>
  <testcase name="OnlineTestMaster_getStage" time="2.163" classname="com.ats.qa.testcases.OnlineMasterTest"/>
  <testcase name="OnlineTestMaster_getRecipent" time="2.126" classname="com.ats.qa.testcases.OnlineMasterTest"/>
  <testcase name="OnlineTestMaster_getNotificationType" time="2.025" classname="com.ats.qa.testcases.OnlineMasterTest"/>
  <testcase name="OnlineTestMaster_getSave" time="4.134" classname="com.ats.qa.testcases.OnlineMasterTest"/>
  <testcase name="OnlineTestMaster_getedit" time="4.089" classname="com.ats.qa.testcases.OnlineMasterTest"/>
  <testcase name="OnlineTestMaster_getupdateTemplate" time="2.176" classname="com.ats.qa.testcases.OnlineMasterTest"/>
  <testcase name="OnlineTestMaster_getUpdate" time="4.1" classname="com.ats.qa.testcases.OnlineMasterTest"/>
  <testcase name="OnlineTestMaster_getDelete" time="4.121" classname="com.ats.qa.testcases.OnlineMasterTest"/>
  <testcase name="OnlineTestMaster_getHomePage" time="4.858" classname="com.ats.qa.testcases.OnlineMasterTest"/>
</testsuite> <!-- Default test -->
