<?xml version="1.0" encoding="UTF-8"?>
<!-- Generated by org.testng.reporters.JUnitXMLReporter -->
<testsuite hostname="SPGRASD11" name=" Test" tests="2" failures="2" timestamp="28 Aug 2020 13:56:07 GMT" time="0.388" errors="0">
  <testcase name="Documentmaster_clickonMaster" time="0.181" classname="com.ats.qa.testcases.DocumentMasterTest">
    <failure type="java.lang.NullPointerException">
      <![CDATA[java.lang.NullPointerException
	at com.ats.qa.testcases.DocumentMasterTest.Documentmaster_clickonMaster(DocumentMasterTest.java:62)
... Removed 24 stack frames]]>
    </failure>
  </testcase> <!-- Documentmaster_clickonMaster -->
  <testcase name="Documentmaster_clickonMaster" time="0.301" classname="com.ats.qa.testcases.DocumentMasterTest">
    <failure type="java.lang.NullPointerException">
      <![CDATA[java.lang.NullPointerException
	at com.ats.qa.base.TestBase.getScreenShotPath(TestBase.java:81)
	at com.ats.qa.base.Listeners.onTestFailure(Listeners.java:69)
... Removed 21 stack frames]]>
    </failure>
  </testcase> <!-- Documentmaster_clickonMaster -->
</testsuite> <!--  Test -->
