<?xml version="1.0" encoding="UTF-8"?>
<!-- Generated by org.testng.reporters.JUnitXMLReporter -->
<testsuite hostname="SPGRASD11" name="Validating DocumentMaster" tests="5" failures="0" timestamp="3 Sep 2020 04:36:38 GMT" time="33.174" errors="0">
  <testcase name="Documentmaster_clickonMaster" time="5.487" classname="com.ats.qa.testcases.DocumentMasterTest"/>
  <testcase name="Documentmaster_clickOnDocumentMaster" time="2.673" classname="com.ats.qa.testcases.DocumentMasterTest"/>
  <testcase name="Documentmaster_clickoncategory" time="4.94" classname="com.ats.qa.testcases.DocumentMasterTest"/>
  <testcase name="Documentmaster_clickOncategoryMaster" time="2.076" classname="com.ats.qa.testcases.DocumentMasterTest"/>
  <testcase name="Documentmaster_clickOnDocumentcategory" time="5.243" classname="com.ats.qa.testcases.DocumentMasterTest"/>
</testsuite> <!-- Validating DocumentMaster -->
