<?xml version="1.0" encoding="UTF-8"?>
<!-- Generated by org.testng.reporters.JUnitXMLReporter -->
<testsuite hostname="SPGRASD11" name="Validating DepartmentMaster" tests="4" failures="0" timestamp="1 Sep 2020 04:30:54 GMT" time="109.354" errors="0">
  <testcase name="Department_clickonMaster" time="10.579" classname="com.ats.qa.testcases.DepartmentMasterTest"/>
  <testcase name="Department_clickOnDepartment" time="5.268" classname="com.ats.qa.testcases.DepartmentMasterTest"/>
  <testcase name="Department_clickonDepartmentMapping" time="11.33" classname="com.ats.qa.testcases.DepartmentMasterTest"/>
  <testcase name="Department_selectDepartment" time="33.397" classname="com.ats.qa.testcases.DepartmentMasterTest"/>
</testsuite> <!-- Validating DepartmentMaster -->
