<?xml version="1.0" encoding="UTF-8"?>
<!-- Generated by org.testng.reporters.JUnitXMLReporter -->
<testsuite hostname="SPGRASD11" name="Validating DNDUploadModule" tests="6" failures="0" timestamp="1 Sep 2020 04:29:04 GMT" time="76.846" errors="0">
  <testcase name="DNDuploadModule_getDNDmobile" time="12.566" classname="com.ats.qa.testcases.DNDUploadModuleTest"/>
  <testcase name="DNDuploadModule_getDNDShowRadio" time="2.253" classname="com.ats.qa.testcases.DNDUploadModuleTest"/>
  <testcase name="DNDuploadModule_getDNDMobilenuumberText" time="2.605" classname="com.ats.qa.testcases.DNDUploadModuleTest"/>
  <testcase name="DNDuploadModule_getsave" time="2.496" classname="com.ats.qa.testcases.DNDUploadModuleTest"/>
  <testcase name="DNDuploadModule_getdelete" time="5.042" classname="com.ats.qa.testcases.DNDUploadModuleTest"/>
  <testcase name="DNDuploadModule_getHomebutton" time="5.361" classname="com.ats.qa.testcases.DNDUploadModuleTest"/>
</testsuite> <!-- Validating DNDUploadModule -->
